<?xml version="1.0" encoding="UTF-8"?>
<!-- Generated by org.testng.reporters.JUnitReportReporter -->
<testsuite skipped="0" hostname="DESKTOP-3J3D5PM" name="testCases.CreateOneProduct" tests="1" failures="0" timestamp="17 Nov 2022 23:40:40 GMT" time="1.997" errors="0">
  <testcase name="createOneproduct" time="1.997" classname="testCases.CreateOneProduct"/>
</testsuite> <!-- testCases.CreateOneProduct -->
