<?xml version="1.0" encoding="UTF-8"?>
<!-- Generated by org.testng.reporters.JUnitReportReporter -->
<testsuite skipped="0" hostname="DESKTOP-3J3D5PM" name="testCases.DeleteOpeProduct" tests="2" failures="0" timestamp="18 Nov 2022 03:17:43 GMT" time="3.071" errors="0">
  <testcase name="deleteOneproduct" time="2.562" classname="testCases.DeleteOpeProduct"/>
  <testcase name="readOneProduct" time="0.509" classname="testCases.DeleteOpeProduct"/>
</testsuite> <!-- testCases.DeleteOpeProduct -->
