<?xml version="1.0" encoding="UTF-8"?>
<!-- Generated by org.testng.reporters.JUnitReportReporter -->
<testsuite skipped="0" hostname="DESKTOP-3J3D5PM" name="testCases.MergeClasses" tests="3" failures="0" timestamp="18 Nov 2022 01:59:07 GMT" time="4.480" errors="0">
  <testcase name="createOneproduct" time="2.707" classname="testCases.MergeClasses"/>
  <testcase name="readAllProducts" time="1.225" classname="testCases.MergeClasses"/>
  <testcase name="readOneProduct" time="0.548" classname="testCases.MergeClasses"/>
</testsuite> <!-- testCases.MergeClasses -->
