<?xml version="1.0" encoding="UTF-8"?>
<!-- Generated by org.testng.reporters.JUnitReportReporter -->
<testsuite skipped="0" hostname="DESKTOP-3J3D5PM" name="testCases.ReadAllProductsValidate" tests="1" failures="0" timestamp="19 Nov 2022 19:27:48 GMT" time="3.371" errors="0">
  <testcase name="readallProducts" time="3.371" classname="testCases.ReadAllProductsValidate"/>
</testsuite> <!-- testCases.ReadAllProductsValidate -->
