<?xml version="1.0" encoding="UTF-8"?>
<!-- Generated by org.testng.reporters.JUnitReportReporter -->
<testsuite skipped="0" hostname="DESKTOP-3J3D5PM" name="testCases.UpdateOneProduct" tests="2" failures="0" timestamp="18 Nov 2022 02:39:44 GMT" time="2.819" errors="0">
  <testcase name="createOneproduct" time="2.257" classname="testCases.UpdateOneProduct"/>
  <testcase name="readOneProduct" time="0.562" classname="testCases.UpdateOneProduct"/>
</testsuite> <!-- testCases.UpdateOneProduct -->
