<?xml version="1.0" encoding="UTF-8"?>
<!-- Generated by org.testng.reporters.JUnitReportReporter -->
<testsuite skipped="0" hostname="DESKTOP-3J3D5PM" name="testCases.RearOneProduct" tests="1" failures="0" timestamp="17 Nov 2022 22:29:12 GMT" time="1.959" errors="0">
  <testcase name="readOneProduct" time="1.959" classname="testCases.RearOneProduct"/>
</testsuite> <!-- testCases.RearOneProduct -->
